2018-05-30 14:55:39,461-access-INFO-用户Alex花费300购买商品
2018-05-30 14:55:54,198-access-INFO-用户Alex花费300购买商品
2018-05-31 09:57:21,730-access-INFO-用户Alex登录
2018-05-31 10:09:39,998-access-INFO-用户Alex登录
2018-05-31 10:10:15,147-access-INFO-用户Alex登录
2018-05-31 10:10:47,190-access-INFO-用户Alex登录
2018-05-31 10:13:10,110-access-INFO-用户Alex登录
2018-05-31 10:13:52,355-access-INFO-用户Alex登录
2018-05-31 10:17:37,502-access-INFO-用户Alex登录
2018-05-31 10:18:36,405-access-INFO-用户Alex登录
2018-05-31 10:21:12,237-access-INFO-用户Lucy登录
2018-05-31 10:24:18,731-access-INFO-用户Lucy登录
2018-05-31 10:29:54,140-access-INFO-用户Lucy登录
2018-05-31 10:34:46,911-access-INFO-用户Alex登录
2018-05-31 10:40:05,839-access-INFO-用户admin登录
2018-05-31 10:40:58,302-access-INFO-用户admin登录
2018-05-31 10:46:38,031-access-INFO-用户admin登录
2018-05-31 10:46:57,732-access-INFO-用户Jack登录
2018-05-31 10:51:50,342-access-INFO-用户admin登录
2018-05-31 10:52:36,621-access-INFO-用户Lucy登录
2018-05-31 10:53:40,719-access-INFO-用户Lucy登录
2018-05-31 10:55:15,421-access-INFO-用户Lucy登录
2018-05-31 10:57:36,125-access-INFO-用户Lucy登录
2018-05-31 10:59:15,149-access-INFO-用户Lucy登录
2018-05-31 11:11:21,902-access-INFO-用户Lucy登录
2018-05-31 11:12:49,253-access-INFO-用户Alex登录
2018-05-31 11:14:05,133-access-INFO-用户Alex登录
2018-05-31 11:14:19,152-access-INFO-用户Alex登录
2018-05-31 11:16:42,280-access-INFO-用户Alex登录
2018-05-31 11:17:02,887-access-INFO-用户Alex登录
2018-05-31 11:17:02,887-access-INFO-用户Alex登录
2018-05-31 11:17:45,085-access-INFO-用户Alex登录
2018-05-31 11:18:50,366-access-INFO-用户Alex登录
2018-05-31 11:20:27,542-access-INFO-用户Alex登录
2018-05-31 11:22:31,983-access-INFO-用户Alex登录
2018-05-31 11:29:04,887-access-INFO-用户Alex登录
2018-05-31 11:29:09,568-access-INFO-用户Alex登录
2018-05-31 11:29:09,568-access-INFO-用户Alex登录
2018-05-31 11:29:38,536-access-INFO-用户Alex登录
2018-05-31 11:29:41,646-access-INFO-用户Alex登录
2018-05-31 11:29:41,646-access-INFO-用户Alex登录
2018-05-31 11:29:57,734-access-INFO-用户Alex登录
2018-05-31 11:36:55,744-access-INFO-用户Alex登录
2018-05-31 12:21:06,937-access-INFO-用户Alex登录
